Determining if the function crc32c_value exists in the crc32c failed with the following output:
Change Dir: /root/code/leveldbStudy/leveldb/build/CMakeFiles/CMakeTmp

Run Build Command(s):/usr/bin/gmake -f Makefile cmTC_af917/fast && /usr/bin/gmake  -f CMakeFiles/cmTC_af917.dir/build.make CMakeFiles/cmTC_af917.dir/build
gmake[1]: Entering directory '/root/code/leveldbStudy/leveldb/build/CMakeFiles/CMakeTmp'
Building C object CMakeFiles/cmTC_af917.dir/CheckFunctionExists.c.o
/usr/bin/cc   -DCHECK_FUNCTION_EXISTS=crc32c_value -std=c11 -o CMakeFiles/cmTC_af917.dir/CheckFunctionExists.c.o -c /usr/share/cmake-3.22/Modules/CheckFunctionExists.c
Linking C executable cmTC_af917
/usr/bin/cmake -E cmake_link_script CMakeFiles/cmTC_af917.dir/link.txt --verbose=1
/usr/bin/cc  -DCHECK_FUNCTION_EXISTS=crc32c_value CMakeFiles/cmTC_af917.dir/CheckFunctionExists.c.o -o cmTC_af917  -lcrc32c 
/usr/bin/ld: cannot find -lcrc32c: No such file or directory
collect2: error: ld returned 1 exit status
gmake[1]: *** [CMakeFiles/cmTC_af917.dir/build.make:99: cmTC_af917] Error 1
gmake[1]: Leaving directory '/root/code/leveldbStudy/leveldb/build/CMakeFiles/CMakeTmp'
gmake: *** [Makefile:127: cmTC_af917/fast] Error 2



Determining if the function snappy_compress exists in the snappy failed with the following output:
Change Dir: /root/code/leveldbStudy/leveldb/build/CMakeFiles/CMakeTmp

Run Build Command(s):/usr/bin/gmake -f Makefile cmTC_7d346/fast && /usr/bin/gmake  -f CMakeFiles/cmTC_7d346.dir/build.make CMakeFiles/cmTC_7d346.dir/build
gmake[1]: Entering directory '/root/code/leveldbStudy/leveldb/build/CMakeFiles/CMakeTmp'
Building C object CMakeFiles/cmTC_7d346.dir/CheckFunctionExists.c.o
/usr/bin/cc   -DCHECK_FUNCTION_EXISTS=snappy_compress -std=c11 -o CMakeFiles/cmTC_7d346.dir/CheckFunctionExists.c.o -c /usr/share/cmake-3.22/Modules/CheckFunctionExists.c
Linking C executable cmTC_7d346
/usr/bin/cmake -E cmake_link_script CMakeFiles/cmTC_7d346.dir/link.txt --verbose=1
/usr/bin/cc  -DCHECK_FUNCTION_EXISTS=snappy_compress CMakeFiles/cmTC_7d346.dir/CheckFunctionExists.c.o -o cmTC_7d346  -lsnappy 
/usr/bin/ld: cannot find -lsnappy: No such file or directory
collect2: error: ld returned 1 exit status
gmake[1]: *** [CMakeFiles/cmTC_7d346.dir/build.make:99: cmTC_7d346] Error 1
gmake[1]: Leaving directory '/root/code/leveldbStudy/leveldb/build/CMakeFiles/CMakeTmp'
gmake: *** [Makefile:127: cmTC_7d346/fast] Error 2



Determining if the function zstd_compress exists in the zstd failed with the following output:
Change Dir: /root/code/leveldbStudy/leveldb/build/CMakeFiles/CMakeTmp

Run Build Command(s):/usr/bin/gmake -f Makefile cmTC_36676/fast && /usr/bin/gmake  -f CMakeFiles/cmTC_36676.dir/build.make CMakeFiles/cmTC_36676.dir/build
gmake[1]: Entering directory '/root/code/leveldbStudy/leveldb/build/CMakeFiles/CMakeTmp'
Building C object CMakeFiles/cmTC_36676.dir/CheckFunctionExists.c.o
/usr/bin/cc   -DCHECK_FUNCTION_EXISTS=zstd_compress -std=c11 -o CMakeFiles/cmTC_36676.dir/CheckFunctionExists.c.o -c /usr/share/cmake-3.22/Modules/CheckFunctionExists.c
Linking C executable cmTC_36676
/usr/bin/cmake -E cmake_link_script CMakeFiles/cmTC_36676.dir/link.txt --verbose=1
/usr/bin/cc  -DCHECK_FUNCTION_EXISTS=zstd_compress CMakeFiles/cmTC_36676.dir/CheckFunctionExists.c.o -o cmTC_36676  -lzstd 
/usr/bin/ld: cannot find -lzstd: No such file or directory
collect2: error: ld returned 1 exit status
gmake[1]: *** [CMakeFiles/cmTC_36676.dir/build.make:99: cmTC_36676] Error 1
gmake[1]: Leaving directory '/root/code/leveldbStudy/leveldb/build/CMakeFiles/CMakeTmp'
gmake: *** [Makefile:127: cmTC_36676/fast] Error 2



Determining if the function malloc exists in the tcmalloc failed with the following output:
Change Dir: /root/code/leveldbStudy/leveldb/build/CMakeFiles/CMakeTmp

Run Build Command(s):/usr/bin/gmake -f Makefile cmTC_39697/fast && /usr/bin/gmake  -f CMakeFiles/cmTC_39697.dir/build.make CMakeFiles/cmTC_39697.dir/build
gmake[1]: Entering directory '/root/code/leveldbStudy/leveldb/build/CMakeFiles/CMakeTmp'
Building C object CMakeFiles/cmTC_39697.dir/CheckFunctionExists.c.o
/usr/bin/cc   -DCHECK_FUNCTION_EXISTS=malloc -std=c11 -o CMakeFiles/cmTC_39697.dir/CheckFunctionExists.c.o -c /usr/share/cmake-3.22/Modules/CheckFunctionExists.c
<command-line>: warning: conflicting types for built-in function ‘malloc’; expected ‘void *(long unsigned int)’ [-Wbuiltin-declaration-mismatch]
/usr/share/cmake-3.22/Modules/CheckFunctionExists.c:7:3: note: in expansion of macro ‘CHECK_FUNCTION_EXISTS’
    7 |   CHECK_FUNCTION_EXISTS(void);
      |   ^~~~~~~~~~~~~~~~~~~~~
/usr/share/cmake-3.22/Modules/CheckFunctionExists.c:1:1: note: ‘malloc’ is declared in header ‘<stdlib.h>’
  +++ |+#include <stdlib.h>
    1 | #ifdef CHECK_FUNCTION_EXISTS
Linking C executable cmTC_39697
/usr/bin/cmake -E cmake_link_script CMakeFiles/cmTC_39697.dir/link.txt --verbose=1
/usr/bin/cc  -DCHECK_FUNCTION_EXISTS=malloc CMakeFiles/cmTC_39697.dir/CheckFunctionExists.c.o -o cmTC_39697  -ltcmalloc 
/usr/bin/ld: cannot find -ltcmalloc: No such file or directory
collect2: error: ld returned 1 exit status
gmake[1]: *** [CMakeFiles/cmTC_39697.dir/build.make:99: cmTC_39697] Error 1
gmake[1]: Leaving directory '/root/code/leveldbStudy/leveldb/build/CMakeFiles/CMakeTmp'
gmake: *** [Makefile:127: cmTC_39697/fast] Error 2



Determining if the F_FULLFSYNC exist failed with the following output:
Change Dir: /root/code/leveldbStudy/leveldb/build/CMakeFiles/CMakeTmp

Run Build Command(s):/usr/bin/gmake -f Makefile cmTC_18b7f/fast && /usr/bin/gmake  -f CMakeFiles/cmTC_18b7f.dir/build.make CMakeFiles/cmTC_18b7f.dir/build
gmake[1]: Entering directory '/root/code/leveldbStudy/leveldb/build/CMakeFiles/CMakeTmp'
Building CXX object CMakeFiles/cmTC_18b7f.dir/CheckSymbolExists.cxx.o
/usr/bin/c++   -std=c++11 -o CMakeFiles/cmTC_18b7f.dir/CheckSymbolExists.cxx.o -c /root/code/leveldbStudy/leveldb/build/CMakeFiles/CMakeTmp/CheckSymbolExists.cxx
/root/code/leveldbStudy/leveldb/build/CMakeFiles/CMakeTmp/CheckSymbolExists.cxx: In function ‘int main(int, char**)’:
/root/code/leveldbStudy/leveldb/build/CMakeFiles/CMakeTmp/CheckSymbolExists.cxx:8:19: error: ‘F_FULLFSYNC’ was not declared in this scope
    8 |   return ((int*)(&F_FULLFSYNC))[argc];
      |                   ^~~~~~~~~~~
gmake[1]: *** [CMakeFiles/cmTC_18b7f.dir/build.make:78: CMakeFiles/cmTC_18b7f.dir/CheckSymbolExists.cxx.o] Error 1
gmake[1]: Leaving directory '/root/code/leveldbStudy/leveldb/build/CMakeFiles/CMakeTmp'
gmake: *** [Makefile:127: cmTC_18b7f/fast] Error 2


File /root/code/leveldbStudy/leveldb/build/CMakeFiles/CMakeTmp/CheckSymbolExists.cxx:
/* */
#include <fcntl.h>

int main(int argc, char** argv)
{
  (void)argv;
#ifndef F_FULLFSYNC
  return ((int*)(&F_FULLFSYNC))[argc];
#else
  (void)argc;
  return 0;
#endif
}
Performing C++ SOURCE FILE Test HAVE_CLANG_THREAD_SAFETY failed with the following output:
Change Dir: /root/code/leveldbStudy/leveldb/build/CMakeFiles/CMakeTmp

Run Build Command(s):/usr/bin/gmake -f Makefile cmTC_11892/fast && /usr/bin/gmake  -f CMakeFiles/cmTC_11892.dir/build.make CMakeFiles/cmTC_11892.dir/build
gmake[1]: Entering directory '/root/code/leveldbStudy/leveldb/build/CMakeFiles/CMakeTmp'
Building CXX object CMakeFiles/cmTC_11892.dir/src.cxx.o
/usr/bin/c++ -DHAVE_CLANG_THREAD_SAFETY  -fno-exceptions -fno-rtti    -Wthread-safety -std=c++11 -o CMakeFiles/cmTC_11892.dir/src.cxx.o -c /root/code/leveldbStudy/leveldb/build/CMakeFiles/CMakeTmp/src.cxx
c++: error: unrecognized command-line option '-Wthread-safety'
gmake[1]: *** [CMakeFiles/cmTC_11892.dir/build.make:78: CMakeFiles/cmTC_11892.dir/src.cxx.o] Error 1
gmake[1]: Leaving directory '/root/code/leveldbStudy/leveldb/build/CMakeFiles/CMakeTmp'
gmake: *** [Makefile:127: cmTC_11892/fast] Error 2


Source file was:
int main() { return 0; }
Performing C++ SOURCE FILE Test HAVE_CXX_FLAG_WSHORTEN_64_TO_32 failed with the following output:
Change Dir: /root/code/leveldbStudy/leveldb/build/CMakeFiles/CMakeTmp

Run Build Command(s):/usr/bin/gmake -f Makefile cmTC_e020b/fast && /usr/bin/gmake  -f CMakeFiles/cmTC_e020b.dir/build.make CMakeFiles/cmTC_e020b.dir/build
gmake[1]: Entering directory '/root/code/leveldbStudy/leveldb/build/CMakeFiles/CMakeTmp'
Building CXX object CMakeFiles/cmTC_e020b.dir/src.cxx.o
/usr/bin/c++ -DHAVE_CXX_FLAG_WSHORTEN_64_TO_32  -fno-exceptions -fno-rtti  -Wall  -Wextra  -Wshadow  -Wfloat-equal  -Werror  -Wsuggest-override  -pedantic  -pedantic-errors  -Wshorten-64-to-32   -Wshorten-64-to-32 -std=c++11 -o CMakeFiles/cmTC_e020b.dir/src.cxx.o -c /root/code/leveldbStudy/leveldb/build/CMakeFiles/CMakeTmp/src.cxx
c++: error: unrecognized command-line option '-Wshorten-64-to-32'
c++: error: unrecognized command-line option '-Wshorten-64-to-32'
gmake[1]: *** [CMakeFiles/cmTC_e020b.dir/build.make:78: CMakeFiles/cmTC_e020b.dir/src.cxx.o] Error 1
gmake[1]: Leaving directory '/root/code/leveldbStudy/leveldb/build/CMakeFiles/CMakeTmp'
gmake: *** [Makefile:127: cmTC_e020b/fast] Error 2


Source file was:
int main() { return 0; }
Performing C++ SOURCE FILE Test HAVE_CXX_FLAG_WD654 failed with the following output:
Change Dir: /root/code/leveldbStudy/leveldb/build/CMakeFiles/CMakeTmp

Run Build Command(s):/usr/bin/gmake -f Makefile cmTC_1fcd5/fast && /usr/bin/gmake  -f CMakeFiles/cmTC_1fcd5.dir/build.make CMakeFiles/cmTC_1fcd5.dir/build
gmake[1]: Entering directory '/root/code/leveldbStudy/leveldb/build/CMakeFiles/CMakeTmp'
Building CXX object CMakeFiles/cmTC_1fcd5.dir/src.cxx.o
/usr/bin/c++ -DHAVE_CXX_FLAG_WD654  -fno-exceptions -fno-rtti  -Wall  -Wextra  -Wshadow  -Wfloat-equal  -Werror  -Wsuggest-override  -pedantic  -pedantic-errors  -fstrict-aliasing  -Wno-deprecated-declarations  -Wno-deprecated  -fno-exceptions  -Wstrict-aliasing  -wd654   -wd654 -std=c++11 -o CMakeFiles/cmTC_1fcd5.dir/src.cxx.o -c /root/code/leveldbStudy/leveldb/build/CMakeFiles/CMakeTmp/src.cxx
c++: error: unrecognized command-line option '-wd654'
c++: error: unrecognized command-line option '-wd654'
gmake[1]: *** [CMakeFiles/cmTC_1fcd5.dir/build.make:78: CMakeFiles/cmTC_1fcd5.dir/src.cxx.o] Error 1
gmake[1]: Leaving directory '/root/code/leveldbStudy/leveldb/build/CMakeFiles/CMakeTmp'
gmake: *** [Makefile:127: cmTC_1fcd5/fast] Error 2


Source file was:
int main() { return 0; }
Performing C++ SOURCE FILE Test HAVE_CXX_FLAG_WTHREAD_SAFETY failed with the following output:
Change Dir: /root/code/leveldbStudy/leveldb/build/CMakeFiles/CMakeTmp

Run Build Command(s):/usr/bin/gmake -f Makefile cmTC_e6686/fast && /usr/bin/gmake  -f CMakeFiles/cmTC_e6686.dir/build.make CMakeFiles/cmTC_e6686.dir/build
gmake[1]: Entering directory '/root/code/leveldbStudy/leveldb/build/CMakeFiles/CMakeTmp'
Building CXX object CMakeFiles/cmTC_e6686.dir/src.cxx.o
/usr/bin/c++ -DHAVE_CXX_FLAG_WTHREAD_SAFETY  -fno-exceptions -fno-rtti  -Wall  -Wextra  -Wshadow  -Wfloat-equal  -Werror  -Wsuggest-override  -pedantic  -pedantic-errors  -fstrict-aliasing  -Wno-deprecated-declarations  -Wno-deprecated  -fno-exceptions  -Wstrict-aliasing  -Wthread-safety   -Wthread-safety -std=c++11 -o CMakeFiles/cmTC_e6686.dir/src.cxx.o -c /root/code/leveldbStudy/leveldb/build/CMakeFiles/CMakeTmp/src.cxx
c++: error: unrecognized command-line option '-Wthread-safety'
c++: error: unrecognized command-line option '-Wthread-safety'
gmake[1]: *** [CMakeFiles/cmTC_e6686.dir/build.make:78: CMakeFiles/cmTC_e6686.dir/src.cxx.o] Error 1
gmake[1]: Leaving directory '/root/code/leveldbStudy/leveldb/build/CMakeFiles/CMakeTmp'
gmake: *** [Makefile:127: cmTC_e6686/fast] Error 2


Source file was:
int main() { return 0; }
Determining if the function sqlite3_open exists in the sqlite3 failed with the following output:
Change Dir: /root/code/leveldbStudy/leveldb/build/CMakeFiles/CMakeTmp

Run Build Command(s):/usr/bin/gmake -f Makefile cmTC_06423/fast && /usr/bin/gmake  -f CMakeFiles/cmTC_06423.dir/build.make CMakeFiles/cmTC_06423.dir/build
gmake[1]: Entering directory '/root/code/leveldbStudy/leveldb/build/CMakeFiles/CMakeTmp'
Building C object CMakeFiles/cmTC_06423.dir/CheckFunctionExists.c.o
/usr/bin/cc   -Wstrict-prototypes -DCHECK_FUNCTION_EXISTS=sqlite3_open -std=c11 -o CMakeFiles/cmTC_06423.dir/CheckFunctionExists.c.o -c /usr/share/cmake-3.22/Modules/CheckFunctionExists.c
Linking C executable cmTC_06423
/usr/bin/cmake -E cmake_link_script CMakeFiles/cmTC_06423.dir/link.txt --verbose=1
/usr/bin/cc  -Wstrict-prototypes -DCHECK_FUNCTION_EXISTS=sqlite3_open CMakeFiles/cmTC_06423.dir/CheckFunctionExists.c.o -o cmTC_06423  -lsqlite3 
/usr/bin/ld: cannot find -lsqlite3: No such file or directory
collect2: error: ld returned 1 exit status
gmake[1]: *** [CMakeFiles/cmTC_06423.dir/build.make:99: cmTC_06423] Error 1
gmake[1]: Leaving directory '/root/code/leveldbStudy/leveldb/build/CMakeFiles/CMakeTmp'
gmake: *** [Makefile:127: cmTC_06423/fast] Error 2



Performing C++ SOURCE FILE Test HAVE_KYOTOCABINET failed with the following output:
Change Dir: /root/code/leveldbStudy/leveldb/build/CMakeFiles/CMakeTmp

Run Build Command(s):/usr/bin/gmake -f Makefile cmTC_8cc82/fast && /usr/bin/gmake  -f CMakeFiles/cmTC_8cc82.dir/build.make CMakeFiles/cmTC_8cc82.dir/build
gmake[1]: Entering directory '/root/code/leveldbStudy/leveldb/build/CMakeFiles/CMakeTmp'
Building CXX object CMakeFiles/cmTC_8cc82.dir/src.cxx.o
/usr/bin/c++ -DHAVE_KYOTOCABINET  -fno-exceptions -fno-rtti  -std=c++11 -o CMakeFiles/cmTC_8cc82.dir/src.cxx.o -c /root/code/leveldbStudy/leveldb/build/CMakeFiles/CMakeTmp/src.cxx
/root/code/leveldbStudy/leveldb/build/CMakeFiles/CMakeTmp/src.cxx:2:10: fatal error: kcpolydb.h: No such file or directory
    2 | #include <kcpolydb.h>
      |          ^~~~~~~~~~~~
compilation terminated.
gmake[1]: *** [CMakeFiles/cmTC_8cc82.dir/build.make:78: CMakeFiles/cmTC_8cc82.dir/src.cxx.o] Error 1
gmake[1]: Leaving directory '/root/code/leveldbStudy/leveldb/build/CMakeFiles/CMakeTmp'
gmake: *** [Makefile:127: cmTC_8cc82/fast] Error 2


Source file was:

#include <kcpolydb.h>

int main() {
  kyotocabinet::TreeDB* db = new kyotocabinet::TreeDB();
  delete db;
  return 0;
}
  
